<?xml version="1.0" encoding="UTF-8"?>
<!-- Generated by org.testng.reporters.JUnitReportReporter -->
<testsuite hostname="LAPTOP-R02R2QRD" failures="0" tests="1" name="comm.seleniumUIAutomation.Script.VerifyUserIsAbleToLogin" time="2.694" errors="0" timestamp="2021-10-09T23:52:15 IST" skipped="0">
  <testcase classname="comm.seleniumUIAutomation.Script.VerifyUserIsAbleToLogin" name="loginToApplication" time="2.694"/>
  <system-out/>
</testsuite> <!-- comm.seleniumUIAutomation.Script.VerifyUserIsAbleToLogin -->
